<?xml version="1.0" encoding="UTF-8"?>
<!-- Generated by org.testng.reporters.JUnitXMLReporter -->
<testsuite ignored="0" hostname="IG-M-851" failures="0" tests="5" name="Default test" time="62.984" errors="0" timestamp="2025-10-12T18:32:06 IST">
  <testcase classname="com.psd.selenium.Growtech_Regi_TwoDimentional" name="getchregidetails_twodimentional" time="14.588"/>
  <testcase classname="com.psd.selenium.Growtech_Regi_TwoDimentional" name="getchregidetails_twodimentional" time="17.459"/>
  <testcase classname="com.psd.selenium.Growtech_Regi_TwoDimentional" name="getchregidetails_twodimentional" time="11.932"/>
  <testcase classname="com.psd.selenium.Growtech_Regi_TwoDimentional" name="getchregidetails_twodimentional" time="10.119"/>
  <testcase classname="com.psd.selenium.Growtech_Regi_TwoDimentional" name="getchregidetails_twodimentional" time="8.832"/>
</testsuite> <!-- Default test -->
