<?xml version="1.0" encoding="UTF-8"?>
<!-- Generated by org.testng.reporters.JUnitXMLReporter -->
<testsuite ignored="0" hostname="IG-M-851" failures="0" tests="5" name="Default test" time="77.302" errors="0" timestamp="2025-10-12T11:18:23 IST">
  <testcase classname="com.psd.selenium.Amazon_Search_TwoDimentional2" name="amazonsearch_twodimentional" time="16.849"/>
  <testcase classname="com.psd.selenium.Amazon_Search_TwoDimentional2" name="amazonsearch_twodimentional" time="12.083"/>
  <testcase classname="com.psd.selenium.Amazon_Search_TwoDimentional2" name="amazonsearch_twodimentional" time="16.374"/>
  <testcase classname="com.psd.selenium.Amazon_Search_TwoDimentional2" name="amazonsearch_twodimentional" time="16.381"/>
  <testcase classname="com.psd.selenium.Amazon_Search_TwoDimentional2" name="amazonsearch_twodimentional" time="15.571"/>
</testsuite> <!-- Default test -->
