<?xml version="1.0" encoding="UTF-8"?>
<!-- Generated by org.testng.reporters.JUnitXMLReporter -->
<testsuite ignored="0" hostname="IG-M-851" failures="2" tests="2" name="Test" time="0.032" errors="0" timestamp="2025-10-11T22:06:30 IST">
  <testcase classname="com.psd.selenium.YahooSearch_WithDataProvider" name="yahoosearch1" time="0.0">
    <failure type="org.testng.TestNGException" message="
Method public void com.psd.selenium.YahooSearch_WithDataProvider.yahoosearch1(java.lang.String) throws java.lang.InterruptedException requires a @DataProvider named : data1">
      <![CDATA[org.testng.TestNGException: 
Method public void com.psd.selenium.YahooSearch_WithDataProvider.yahoosearch1(java.lang.String) throws java.lang.InterruptedException requires a @DataProvider named : data1
at java.base/java.util.ArrayList.forEach(ArrayList.java:1596)
... Removed 24 stack frames]]>
    </failure>
  </testcase> <!-- yahoosearch1 -->
  <testcase classname="com.psd.selenium.YahooSearch_WithDataProvider" name="yahoosearch2" time="0.0">
    <failure type="org.testng.TestNGException" message="
Method public void com.psd.selenium.YahooSearch_WithDataProvider.yahoosearch2(java.lang.String) throws java.lang.InterruptedException requires a @DataProvider named : data2">
      <![CDATA[org.testng.TestNGException: 
Method public void com.psd.selenium.YahooSearch_WithDataProvider.yahoosearch2(java.lang.String) throws java.lang.InterruptedException requires a @DataProvider named : data2
at java.base/java.util.ArrayList.forEach(ArrayList.java:1596)
... Removed 24 stack frames]]>
    </failure>
  </testcase> <!-- yahoosearch2 -->
</testsuite> <!-- Test -->
