<?xml version="1.0" encoding="UTF-8"?>
<testng-results ignored="0" total="1" passed="1" failed="0" skipped="0">
  <reporter-output>
  </reporter-output>
  <suite started-at="2025-11-16T17:33:26 IST" name="Default suite" finished-at="2025-11-16T17:33:35 IST" duration-ms="9261">
    <groups>
    </groups>
    <test started-at="2025-11-16T17:33:26 IST" name="Default test" finished-at="2025-11-16T17:33:35 IST" duration-ms="9261">
      <class name="com.psd.selenium.TotalNumberofLinks">
        <test-method signature="alllinks()[pri:0, instance:com.psd.selenium.TotalNumberofLinks@77888435]" started-at="2025-11-16T17:33:26 IST" name="alllinks" finished-at="2025-11-16T17:33:35 IST" duration-ms="9219" status="PASS">
          <reporter-output>
          </reporter-output>
        </test-method> <!-- alllinks -->
      </class> <!-- com.psd.selenium.TotalNumberofLinks -->
    </test> <!-- Default test -->
  </suite> <!-- Default suite -->
</testng-results>
